<?xml version="1.0" encoding="UTF-8"?>
<!-- Generated by org.testng.reporters.JUnitXMLReporter -->
<testsuite ignored="0" hostname="WINDOWS-B5JDBEU" failures="0" tests="4" name="Default test" time="110.041" errors="0" timestamp="2020-04-04T09:31:09 IST">
  <testcase classname="com.testNGtest.NewTest" name="f" time="7.605"/>
  <testcase classname="com.testNGtest.NewTest" name="f" time="7.229"/>
  <testcase classname="com.testNGtest.NewTest" name="f" time="7.522"/>
  <testcase classname="com.testNGtest.NewTest" name="f" time="6.806"/>
</testsuite> <!-- Default test -->
