<?xml version="1.0" encoding="UTF-8"?>
<testng-results ignored="0" total="4" passed="4" failed="0" skipped="0">
  <reporter-output>
  </reporter-output>
  <suite started-at="2020-04-04T09:29:19 IST" name="Default suite" finished-at="2020-04-04T09:31:09 IST" duration-ms="110041">
    <groups>
    </groups>
    <test started-at="2020-04-04T09:29:19 IST" name="Default test" finished-at="2020-04-04T09:31:09 IST" duration-ms="110041">
      <class name="com.testNGtest.NewTest">
        <test-method is-config="true" signature="beforeMethod()[pri:0, instance:com.testNGtest.NewTest@432038ec]" started-at="2020-04-04T09:29:19 IST" name="beforeMethod" finished-at="2020-04-04T09:29:40 IST" duration-ms="20432" status="PASS">
          <reporter-output>
          </reporter-output>
        </test-method> <!-- beforeMethod -->
        <test-method signature="f(java.lang.String, java.lang.String, java.lang.String, java.lang.String, java.lang.String, java.lang.String, java.lang.String, java.lang.String)[pri:0, instance:com.testNGtest.NewTest@432038ec]" started-at="2020-04-04T09:29:40 IST" name="f" data-provider="dp" finished-at="2020-04-04T09:29:47 IST" duration-ms="7605" status="PASS">
          <params>
            <param index="0">
              <value>
                <![CDATA[franklin]]>
              </value>
            </param>
            <param index="1">
              <value>
                <![CDATA[christian]]>
              </value>
            </param>
            <param index="2">
              <value>
                <![CDATA[Franklin]]>
              </value>
            </param>
            <param index="3">
              <value>
                <![CDATA[neyveli]]>
              </value>
            </param>
            <param index="4">
              <value>
                <![CDATA[township]]>
              </value>
            </param>
            <param index="5">
              <value>
                <![CDATA[africa]]>
              </value>
            </param>
            <param index="6">
              <value>
                <![CDATA[60801.0]]>
              </value>
            </param>
            <param index="7">
              <value>
                <![CDATA[9.172133636E9]]>
              </value>
            </param>
          </params>
          <reporter-output>
          </reporter-output>
        </test-method> <!-- f -->
        <test-method is-config="true" signature="afterMethod()[pri:0, instance:com.testNGtest.NewTest@432038ec]" started-at="2020-04-04T09:29:47 IST" name="afterMethod" finished-at="2020-04-04T09:29:48 IST" duration-ms="939" status="PASS">
          <reporter-output>
          </reporter-output>
        </test-method> <!-- afterMethod -->
        <test-method is-config="true" signature="beforeMethod()[pri:0, instance:com.testNGtest.NewTest@432038ec]" started-at="2020-04-04T09:29:48 IST" name="beforeMethod" finished-at="2020-04-04T09:30:07 IST" duration-ms="18497" status="PASS">
          <reporter-output>
          </reporter-output>
        </test-method> <!-- beforeMethod -->
        <test-method signature="f(java.lang.String, java.lang.String, java.lang.String, java.lang.String, java.lang.String, java.lang.String, java.lang.String, java.lang.String)[pri:0, instance:com.testNGtest.NewTest@432038ec]" started-at="2020-04-04T09:30:07 IST" name="f" data-provider="dp" finished-at="2020-04-04T09:30:14 IST" duration-ms="7229" status="PASS">
          <params>
            <param index="0">
              <value>
                <![CDATA[felix]]>
              </value>
            </param>
            <param index="1">
              <value>
                <![CDATA[christian]]>
              </value>
            </param>
            <param index="2">
              <value>
                <![CDATA[vikiik]]>
              </value>
            </param>
            <param index="3">
              <value>
                <![CDATA[bali]]>
              </value>
            </param>
            <param index="4">
              <value>
                <![CDATA[indo]]>
              </value>
            </param>
            <param index="5">
              <value>
                <![CDATA[australia]]>
              </value>
            </param>
            <param index="6">
              <value>
                <![CDATA[12345.0]]>
              </value>
            </param>
            <param index="7">
              <value>
                <![CDATA[9.145671891E9]]>
              </value>
            </param>
          </params>
          <reporter-output>
          </reporter-output>
        </test-method> <!-- f -->
        <test-method is-config="true" signature="afterMethod()[pri:0, instance:com.testNGtest.NewTest@432038ec]" started-at="2020-04-04T09:30:14 IST" name="afterMethod" finished-at="2020-04-04T09:30:15 IST" duration-ms="858" status="PASS">
          <reporter-output>
          </reporter-output>
        </test-method> <!-- afterMethod -->
        <test-method is-config="true" signature="beforeMethod()[pri:0, instance:com.testNGtest.NewTest@432038ec]" started-at="2020-04-04T09:30:15 IST" name="beforeMethod" finished-at="2020-04-04T09:30:34 IST" duration-ms="18809" status="PASS">
          <reporter-output>
          </reporter-output>
        </test-method> <!-- beforeMethod -->
        <test-method signature="f(java.lang.String, java.lang.String, java.lang.String, java.lang.String, java.lang.String, java.lang.String, java.lang.String, java.lang.String)[pri:0, instance:com.testNGtest.NewTest@432038ec]" started-at="2020-04-04T09:30:34 IST" name="f" data-provider="dp" finished-at="2020-04-04T09:30:41 IST" duration-ms="7522" status="PASS">
          <params>
            <param index="0">
              <value>
                <![CDATA[nayanthara]]>
              </value>
            </param>
            <param index="1">
              <value>
                <![CDATA[superstar]]>
              </value>
            </param>
            <param index="2">
              <value>
                <![CDATA[wikki]]>
              </value>
            </param>
            <param index="3">
              <value>
                <![CDATA[chennai]]>
              </value>
            </param>
            <param index="4">
              <value>
                <![CDATA[indo]]>
              </value>
            </param>
            <param index="5">
              <value>
                <![CDATA[india]]>
              </value>
            </param>
            <param index="6">
              <value>
                <![CDATA[85522.0]]>
              </value>
            </param>
            <param index="7">
              <value>
                <![CDATA[9.101237893E9]]>
              </value>
            </param>
          </params>
          <reporter-output>
          </reporter-output>
        </test-method> <!-- f -->
        <test-method is-config="true" signature="afterMethod()[pri:0, instance:com.testNGtest.NewTest@432038ec]" started-at="2020-04-04T09:30:41 IST" name="afterMethod" finished-at="2020-04-04T09:30:42 IST" duration-ms="903" status="PASS">
          <reporter-output>
          </reporter-output>
        </test-method> <!-- afterMethod -->
        <test-method is-config="true" signature="beforeMethod()[pri:0, instance:com.testNGtest.NewTest@432038ec]" started-at="2020-04-04T09:30:42 IST" name="beforeMethod" finished-at="2020-04-04T09:31:01 IST" duration-ms="19407" status="PASS">
          <reporter-output>
          </reporter-output>
        </test-method> <!-- beforeMethod -->
        <test-method signature="f(java.lang.String, java.lang.String, java.lang.String, java.lang.String, java.lang.String, java.lang.String, java.lang.String, java.lang.String)[pri:0, instance:com.testNGtest.NewTest@432038ec]" started-at="2020-04-04T09:31:01 IST" name="f" data-provider="dp" finished-at="2020-04-04T09:31:08 IST" duration-ms="6806" status="PASS">
          <params>
            <param index="0">
              <value>
                <![CDATA[nanthan]]>
              </value>
            </param>
            <param index="1">
              <value>
                <![CDATA[killer]]>
              </value>
            </param>
            <param index="2">
              <value>
                <![CDATA[apdina]]>
              </value>
            </param>
            <param index="3">
              <value>
                <![CDATA[eduku]]>
              </value>
            </param>
            <param index="4">
              <value>
                <![CDATA[poda]]>
              </value>
            </param>
            <param index="5">
              <value>
                <![CDATA[pakistan]]>
              </value>
            </param>
            <param index="6">
              <value>
                <![CDATA[50000.0]]>
              </value>
            </param>
            <param index="7">
              <value>
                <![CDATA[6540000000]]>
              </value>
            </param>
          </params>
          <reporter-output>
          </reporter-output>
        </test-method> <!-- f -->
        <test-method is-config="true" signature="afterMethod()[pri:0, instance:com.testNGtest.NewTest@432038ec]" started-at="2020-04-04T09:31:08 IST" name="afterMethod" finished-at="2020-04-04T09:31:09 IST" duration-ms="878" status="PASS">
          <reporter-output>
          </reporter-output>
        </test-method> <!-- afterMethod -->
      </class> <!-- com.testNGtest.NewTest -->
    </test> <!-- Default test -->
  </suite> <!-- Default suite -->
</testng-results>
